<?xml version="1.0" encoding="UTF-8"?>
<testng-results ignored="0" total="1" passed="1" failed="0" skipped="0">
  <reporter-output>
  </reporter-output>
  <suite started-at="2023-10-27T16:02:11 IST" name="Default suite" finished-at="2023-10-27T16:02:13 IST" duration-ms="2425">
    <groups>
    </groups>
    <test started-at="2023-10-27T16:02:11 IST" name="Default test" finished-at="2023-10-27T16:02:13 IST" duration-ms="2425">
      <class name="UsingPOJOClass_RMG.CreateProject">
        <test-method signature="createProject()[pri:0, instance:UsingPOJOClass_RMG.CreateProject@4686afc2]" started-at="2023-10-27T16:02:11 IST" name="createProject" finished-at="2023-10-27T16:02:13 IST" duration-ms="2376" status="PASS">
          <reporter-output>
          </reporter-output>
        </test-method> <!-- createProject -->
      </class> <!-- UsingPOJOClass_RMG.CreateProject -->
    </test> <!-- Default test -->
  </suite> <!-- Default suite -->
</testng-results>
