<?xml version="1.0" encoding="UTF-8"?>
<testng-results ignored="0" total="1" passed="1" failed="0" skipped="0">
  <reporter-output>
  </reporter-output>
  <suite started-at="2023-10-27T14:59:14 IST" name="Default suite" finished-at="2023-10-27T14:59:17 IST" duration-ms="2894">
    <groups>
    </groups>
    <test started-at="2023-10-27T14:59:14 IST" name="Default test" finished-at="2023-10-27T14:59:17 IST" duration-ms="2894">
      <class name="CRUD_WithBDDApproach_Reqress.UpdateUser">
        <test-method signature="updateUser()[pri:0, instance:CRUD_WithBDDApproach_Reqress.UpdateUser@5824a83d]" started-at="2023-10-27T14:59:14 IST" name="updateUser" finished-at="2023-10-27T14:59:17 IST" duration-ms="2843" status="PASS">
          <reporter-output>
          </reporter-output>
        </test-method> <!-- updateUser -->
      </class> <!-- CRUD_WithBDDApproach_Reqress.UpdateUser -->
    </test> <!-- Default test -->
  </suite> <!-- Default suite -->
</testng-results>
